<?xml version="1.0" encoding="UTF-8"?>
<!-- Generated by org.testng.reporters.JUnitReportReporter -->
<testsuite hostname="CND1166CNG" failures="0" tests="4" name="testrun.logiPageTest" time="78.342" errors="0" timestamp="2021-12-06T11:50:26 IST" skipped="0">
  <testcase classname="testrun.logiPageTest" name="username" time="21.982"/>
  <system-out/>
  <testcase classname="testrun.logiPageTest" name="username" time="13.823"/>
  <system-out/>
  <testcase classname="testrun.logiPageTest" name="pimpage" time="16.826"/>
  <system-out/>
  <testcase classname="testrun.logiPageTest" name="pimpage" time="25.711"/>
  <system-out/>
</testsuite> <!-- testrun.logiPageTest -->
